<?xml version="1.0" encoding="UTF-8"?>
<!-- Generated by org.testng.reporters.JUnitXMLReporter -->
<testsuite ignored="0" hostname="DESKTOP-NESTOR" failures="0" tests="4" name="Test" time="39.928" errors="0" timestamp="2025-07-23T12:16:22 WAT">
  <testcase classname="pages.LoginTest" name="NegativePassword" time="3.329"/>
  <testcase classname="pages.LoginTest" name="NegativeUserName" time="3.197"/>
  <testcase classname="pages.LoginTest" name="positiveLogin" time="5.22"/>
  <testcase classname="pages.ExceptionTest" name="TestNoSuchElementException" time="0.006"/>
</testsuite> <!-- Test -->
