<?xml version="1.0" encoding="UTF-8"?>
<testng-results ignored="0" total="4" passed="4" failed="0" skipped="0">
  <reporter-output>
  </reporter-output>
  <suite started-at="2025-07-23T12:15:42 WAT" name="Suite" finished-at="2025-07-23T12:16:22 WAT" duration-ms="39928">
    <groups>
    </groups>
    <test started-at="2025-07-23T12:15:42 WAT" name="Test" finished-at="2025-07-23T12:16:22 WAT" duration-ms="39928">
      <class name="pages.LoginTest">
        <test-method is-config="true" signature="SetUp()[pri:0, instance:pages.LoginTest@4c12331b]" started-at="2025-07-23T12:15:42 WAT" name="SetUp" finished-at="2025-07-23T12:15:52 WAT" duration-ms="9414" status="PASS">
          <reporter-output>
          </reporter-output>
        </test-method> <!-- SetUp -->
        <test-method signature="NegativePassword()[pri:0, instance:pages.LoginTest@4c12331b]" started-at="2025-07-23T12:15:52 WAT" name="NegativePassword" finished-at="2025-07-23T12:15:55 WAT" duration-ms="3329" status="PASS">
          <reporter-output>
          </reporter-output>
        </test-method> <!-- NegativePassword -->
        <test-method is-config="true" signature="TearDown()[pri:0, instance:pages.LoginTest@4c12331b]" started-at="2025-07-23T12:15:55 WAT" name="TearDown" finished-at="2025-07-23T12:15:55 WAT" duration-ms="300" status="PASS">
          <reporter-output>
          </reporter-output>
        </test-method> <!-- TearDown -->
        <test-method is-config="true" signature="SetUp()[pri:0, instance:pages.LoginTest@4c12331b]" started-at="2025-07-23T12:15:55 WAT" name="SetUp" finished-at="2025-07-23T12:16:01 WAT" duration-ms="5888" status="PASS">
          <reporter-output>
          </reporter-output>
        </test-method> <!-- SetUp -->
        <test-method signature="NegativeUserName()[pri:0, instance:pages.LoginTest@4c12331b]" started-at="2025-07-23T12:16:01 WAT" name="NegativeUserName" finished-at="2025-07-23T12:16:04 WAT" duration-ms="3197" status="PASS">
          <reporter-output>
          </reporter-output>
        </test-method> <!-- NegativeUserName -->
        <test-method is-config="true" signature="TearDown()[pri:0, instance:pages.LoginTest@4c12331b]" started-at="2025-07-23T12:16:04 WAT" name="TearDown" finished-at="2025-07-23T12:16:05 WAT" duration-ms="247" status="PASS">
          <reporter-output>
          </reporter-output>
        </test-method> <!-- TearDown -->
        <test-method is-config="true" signature="SetUp()[pri:0, instance:pages.LoginTest@4c12331b]" started-at="2025-07-23T12:16:05 WAT" name="SetUp" finished-at="2025-07-23T12:16:11 WAT" duration-ms="5845" status="PASS">
          <reporter-output>
          </reporter-output>
        </test-method> <!-- SetUp -->
        <test-method signature="positiveLogin()[pri:0, instance:pages.LoginTest@4c12331b]" started-at="2025-07-23T12:16:11 WAT" name="positiveLogin" finished-at="2025-07-23T12:16:16 WAT" duration-ms="5220" status="PASS">
          <reporter-output>
          </reporter-output>
        </test-method> <!-- positiveLogin -->
        <test-method is-config="true" signature="TearDown()[pri:0, instance:pages.LoginTest@4c12331b]" started-at="2025-07-23T12:16:16 WAT" name="TearDown" finished-at="2025-07-23T12:16:16 WAT" duration-ms="249" status="PASS">
          <reporter-output>
          </reporter-output>
        </test-method> <!-- TearDown -->
      </class> <!-- pages.LoginTest -->
      <class name="pages.ExceptionTest">
        <test-method is-config="true" signature="SetUp()[pri:0, instance:pages.ExceptionTest@24aed80c]" started-at="2025-07-23T12:16:16 WAT" name="SetUp" finished-at="2025-07-23T12:16:22 WAT" duration-ms="5890" status="PASS">
          <reporter-output>
          </reporter-output>
        </test-method> <!-- SetUp -->
        <test-method signature="TestNoSuchElementException()[pri:0, instance:pages.ExceptionTest@24aed80c]" started-at="2025-07-23T12:16:22 WAT" name="TestNoSuchElementException" finished-at="2025-07-23T12:16:22 WAT" duration-ms="6" status="PASS">
          <reporter-output>
          </reporter-output>
        </test-method> <!-- TestNoSuchElementException -->
        <test-method is-config="true" signature="TearDown()[pri:0, instance:pages.ExceptionTest@24aed80c]" started-at="2025-07-23T12:16:22 WAT" name="TearDown" finished-at="2025-07-23T12:16:22 WAT" duration-ms="243" status="PASS">
          <reporter-output>
          </reporter-output>
        </test-method> <!-- TearDown -->
      </class> <!-- pages.ExceptionTest -->
    </test> <!-- Test -->
  </suite> <!-- Suite -->
</testng-results>
